<?xml version="1.0" encoding="UTF-8" ?>
<testsuite tests="21" failures="0" name="com.bandtec.exercicios.relacionamento.CarrinhoTest" time="0.008" errors="0" skipped="0">
  <properties>
    <property name="java.runtime.name" value="Java(TM) SE Runtime Environment"/>
    <property name="java.vm.version" value="11.0.10+8-LTS-162"/>
    <property name="sun.boot.library.path" value="C:\Program Files\Java\jdk-11.0.10\bin"/>
    <property name="maven.multiModuleProjectDirectory" value="C:\Users\aluno\Documents\linguagem-de-programacao\aula10_25.10\exercicios\exercicios-relacionamento-incompleto\exercicios-relacionamento-incompleto"/>
    <property name="java.vm.vendor" value="Oracle Corporation"/>
    <property name="java.vendor.url" value="https://openjdk.java.net/"/>
    <property name="guice.disable.misplaced.annotation.check" value="true"/>
    <property name="path.separator" value=";"/>
    <property name="java.vm.name" value="Java HotSpot(TM) 64-Bit Server VM"/>
    <property name="sun.os.patch.level" value=""/>
    <property name="user.script" value=""/>
    <property name="user.country" value="BR"/>
    <property name="sun.java.launcher" value="SUN_STANDARD"/>
    <property name="java.vm.specification.name" value="Java Virtual Machine Specification"/>
    <property name="user.dir" value="C:\Users\aluno\Documents\linguagem-de-programacao\aula10_25.10\exercicios\exercicios-relacionamento-incompleto\exercicios-relacionamento-incompleto"/>
    <property name="java.vm.compressedOopsMode" value="32-bit"/>
    <property name="java.runtime.version" value="11.0.10+8-LTS-162"/>
    <property name="java.awt.graphicsenv" value="sun.awt.Win32GraphicsEnvironment"/>
    <property name="os.arch" value="amd64"/>
    <property name="java.io.tmpdir" value="C:\Users\aluno\AppData\Local\Temp\"/>
    <property name="line.separator" value="
"/>
    <property name="java.vm.specification.vendor" value="Oracle Corporation"/>
    <property name="user.variant" value=""/>
    <property name="os.name" value="Windows 10"/>
    <property name="maven.ext.class.path" value="C:\Program Files\NetBeans-12.0\netbeans\java\maven-nblib\netbeans-eventspy.jar"/>
    <property name="classworlds.conf" value="C:\Program Files\NetBeans-12.0\netbeans\java\maven\bin\..\bin\m2.conf"/>
    <property name="sun.jnu.encoding" value="Cp1252"/>
    <property name="java.library.path" value="C:\Program Files\Java\jdk-11.0.10\bin;C:\Windows\Sun\Java\bin;C:\Windows\system32;C:\Windows;C:\Program Files\Common Files\Oracle\Java\javapath;C:\Program Files (x86)\Intel\iCLS Client\;C:\Program Files\Intel\iCLS Client\;C:\Program Files\Docker\Docker\Resources\bin;C:\Program Files\Microsoft MPI\Bin\;C:\ProgramData\Oracle\Java\javapath;C:\Windows\system32;C:\Windows;C:\Windows\System32\Wbem;C:\Windows\System32\WindowsPowerShell\v1.0\;C:\Program Files\Microsoft SQL Server\130\Tools\Binn\;C:\Program Files\dotnet\;C:\Program Files (x86)\GtkSharp\2.12\bin;C:\Program Files\PuTTY\;C:\Program Files (x86)\GTK2-Runtime\bin;C:\Program Files (x86)\Brackets\command;C:\Program Files\Intel\Intel(R) Management Engine Components\DAL;C:\Program Files\Intel\Intel(R) Management Engine Components\IPT;C:\Program Files (x86)\Intel\Intel(R) Management Engine Components\DAL;C:\Program Files (x86)\Intel\Intel(R) Management Engine Components\IPT;C:\Program Files\Microsoft VS Code\bin;C:\Program Files\Git\cmd;C:\Program Files\PowerShell\7\;C:\Program Files\nodejs\;C:\Program Files\MySQL\MySQL Shell 8.0\bin\;C:\Users\aluno\AppData\Local\Programs\Python\Python36-32\Scripts\;C:\Users\aluno\AppData\Local\Programs\Python\Python36-32\;C:\Users\aluno\AppData\Local\Microsoft\WindowsApps;;C:\Program Files\Microsoft VS Code\bin;C:\Users\aluno\AppData\Roaming\npm;C:\Users\aluno\AppData\Local\Programs\Azure Data Studio\bin;."/>
    <property name="maven.conf" value="C:\Program Files\NetBeans-12.0\netbeans\java\maven\bin\../conf"/>
    <property name="jdk.debug" value="release"/>
    <property name="java.class.version" value="55.0"/>
    <property name="java.specification.name" value="Java Platform API Specification"/>
    <property name="sun.management.compiler" value="HotSpot 64-Bit Tiered Compilers"/>
    <property name="os.version" value="10.0"/>
    <property name="library.jansi.path" value="C:\Program Files\NetBeans-12.0\netbeans\java\maven\bin\..\lib\jansi-native"/>
    <property name="user.home" value="C:\Users\aluno"/>
    <property name="user.timezone" value="GMT-03:00"/>
    <property name="java.awt.printerjob" value="sun.awt.windows.WPrinterJob"/>
    <property name="file.encoding" value="UTF-8"/>
    <property name="java.specification.version" value="11"/>
    <property name="user.name" value="Aluno"/>
    <property name="java.class.path" value="C:\Program Files\NetBeans-12.0\netbeans\java\maven\bin\..\boot\plexus-classworlds-2.6.0.jar"/>
    <property name="java.vm.specification.version" value="11"/>
    <property name="sun.arch.data.model" value="64"/>
    <property name="sun.java.command" value="org.codehaus.plexus.classworlds.launcher.Launcher -Dmaven.ext.class.path=C:\Program Files\NetBeans-12.0\netbeans\java\maven-nblib\netbeans-eventspy.jar -Dfile.encoding=UTF-8 test"/>
    <property name="java.home" value="C:\Program Files\Java\jdk-11.0.10"/>
    <property name="user.language" value="pt"/>
    <property name="java.specification.vendor" value="Oracle Corporation"/>
    <property name="awt.toolkit" value="sun.awt.windows.WToolkit"/>
    <property name="java.vm.info" value="mixed mode"/>
    <property name="java.version" value="11.0.10"/>
    <property name="java.vendor" value="Oracle Corporation"/>
    <property name="maven.home" value="C:\Program Files\NetBeans-12.0\netbeans\java\maven\bin\.."/>
    <property name="file.separator" value="\"/>
    <property name="java.version.date" value="2021-01-19"/>
    <property name="java.vendor.url.bug" value="https://bugreport.java.com/bugreport/"/>
    <property name="sun.io.unicode.encoding" value="UnicodeLittle"/>
    <property name="sun.cpu.endian" value="little"/>
    <property name="java.vendor.version" value="18.9"/>
    <property name="sun.desktop" value="windows"/>
    <property name="sun.cpu.isalist" value="amd64"/>
  </properties>
  <testcase classname="com.bandtec.exercicios.relacionamento.CarrinhoTest" name="com.bandtec.exercicios.relacionamento.CarrinhoTest.testGetQuantidadePorCategoriaQuandoAcionadoEListaPossui3ProdutosComCategoriaDeveRetornar3" time="0.003"/>
  <testcase classname="com.bandtec.exercicios.relacionamento.CarrinhoTest" name="com.bandtec.exercicios.relacionamento.CarrinhoTest.testGetQuantidadePorCategoriaQuandoAcionadoComArgumentoNuloDeveRetornar0" time="0.001"/>
  <testcase classname="com.bandtec.exercicios.relacionamento.CarrinhoTest" name="com.bandtec.exercicios.relacionamento.CarrinhoTest.testRemoverPorNomeQuandoAcionadoComNomeExistenteDeveAlterarTamanhoDaLista" time="0"/>
  <testcase classname="com.bandtec.exercicios.relacionamento.CarrinhoTest" name="com.bandtec.exercicios.relacionamento.CarrinhoTest.testGetPorNomeQuandoAcionadoENaoExisteProdutoComNomeInformadoDeveRetornarNulo" time="0.002"/>
  <testcase classname="com.bandtec.exercicios.relacionamento.CarrinhoTest" name="com.bandtec.exercicios.relacionamento.CarrinhoTest.testGetPorNomeQuandoAcionadoEExisteProdutoComNomeInformadoDeveRetornarObjeto" time="0"/>
  <testcase classname="com.bandtec.exercicios.relacionamento.CarrinhoTest" name="com.bandtec.exercicios.relacionamento.CarrinhoTest.testAdicionarQuandoAcionadoComArgumentoNuloTamanhoDaListaNaoAumenta" time="0"/>
  <testcase classname="com.bandtec.exercicios.relacionamento.CarrinhoTest" name="com.bandtec.exercicios.relacionamento.CarrinhoTest.testExistsPorNomeQuandoAcionadoComArgumentoExistenteDeveRetornarTrue" time="0.001"/>
  <testcase classname="com.bandtec.exercicios.relacionamento.CarrinhoTest" name="com.bandtec.exercicios.relacionamento.CarrinhoTest.testAdicionarQuandoAcionadoComArgumentoValidoRepetidoTamanhoDaListaNaoAumenta" time="0"/>
  <testcase classname="com.bandtec.exercicios.relacionamento.CarrinhoTest" name="com.bandtec.exercicios.relacionamento.CarrinhoTest.testRemoverPorNomeQuandoAcionadoComNomeNuloNaoDeveAlterarTamanhoDaLista" time="0"/>
  <testcase classname="com.bandtec.exercicios.relacionamento.CarrinhoTest" name="com.bandtec.exercicios.relacionamento.CarrinhoTest.testRemoverPorNomeQuandoAcionadoComNomeNaoExistenteNaoDeveAlterarTamanhoDaLista" time="0.001"/>
  <testcase classname="com.bandtec.exercicios.relacionamento.CarrinhoTest" name="com.bandtec.exercicios.relacionamento.CarrinhoTest.testGetQuantidadePorCategoriaQuandoAcionadoEListaEstaVaziaDeveRetornar0" time="0"/>
  <testcase classname="com.bandtec.exercicios.relacionamento.CarrinhoTest" name="com.bandtec.exercicios.relacionamento.CarrinhoTest.testExistsPorNomeQuandoAcionadoComArgumentoNaoExistenteDeveRetornarFalse" time="0"/>
  <testcase classname="com.bandtec.exercicios.relacionamento.CarrinhoTest" name="com.bandtec.exercicios.relacionamento.CarrinhoTest.testAdicionarQuandoAcionadoComArgumentoValidoTamanhoDaListaAumenta" time="0"/>
  <testcase classname="com.bandtec.exercicios.relacionamento.CarrinhoTest" name="com.bandtec.exercicios.relacionamento.CarrinhoTest.testGetValorTotalQuandoAcionadoEListaEstaVaziaDeveRetorna0" time="0"/>
  <testcase classname="com.bandtec.exercicios.relacionamento.CarrinhoTest" name="com.bandtec.exercicios.relacionamento.CarrinhoTest.testGetValorTotalQuandoAcionadoEListaTemTotalDe158695Deve158695" time="0"/>
  <testcase classname="com.bandtec.exercicios.relacionamento.CarrinhoTest" name="com.bandtec.exercicios.relacionamento.CarrinhoTest.testGetQuantidadeQuandoAcionadoEListaPossui5ItensDeveRetornar5" time="0"/>
  <testcase classname="com.bandtec.exercicios.relacionamento.CarrinhoTest" name="com.bandtec.exercicios.relacionamento.CarrinhoTest.testExistsPorNomeQuandoAcionadoComArgumentoNuloDeveRetornarFalse" time="0"/>
  <testcase classname="com.bandtec.exercicios.relacionamento.CarrinhoTest" name="com.bandtec.exercicios.relacionamento.CarrinhoTest.testLimparQuandoAcionadoEListaEstaVaziaDeveRetornar0" time="0"/>
  <testcase classname="com.bandtec.exercicios.relacionamento.CarrinhoTest" name="com.bandtec.exercicios.relacionamento.CarrinhoTest.testLimparQuandoAcionadoEListaContem5ProdutosDeveRetornar0" time="0"/>
  <testcase classname="com.bandtec.exercicios.relacionamento.CarrinhoTest" name="com.bandtec.exercicios.relacionamento.CarrinhoTest.testGetQuantidadeQuandoAcionadoEListaEstaVaziaDeveRetornar0" time="0"/>
  <testcase classname="com.bandtec.exercicios.relacionamento.CarrinhoTest" name="com.bandtec.exercicios.relacionamento.CarrinhoTest.testGetPorNomeQuandoAcionadoComArgumentoNuloDeveRetornarNulo" time="0"/>
</testsuite>